[debug] [2025-04-15T14:23:12.324Z] ----------------------------------------------------------------------
[debug] [2025-04-15T14:23:12.327Z] Command:       C:\Program Files\nodejs\node.exe C:\Users\Micael Bardim\AppData\Roaming\npm\node_modules\firebase-tools\lib\bin\firebase.js deploy
[debug] [2025-04-15T14:23:12.328Z] CLI Version:   13.34.0
[debug] [2025-04-15T14:23:12.328Z] Platform:      win32
[debug] [2025-04-15T14:23:12.328Z] Node Version:  v22.14.0
[debug] [2025-04-15T14:23:12.329Z] Time:          Tue Apr 15 2025 11:23:12 GMT-0300 (Horário Padrão de Brasília)
[debug] [2025-04-15T14:23:12.329Z] ----------------------------------------------------------------------
[debug] 
[debug] [2025-04-15T14:23:12.333Z] >>> [apiv2][query] GET https://firebase-public.firebaseio.com/cli.json [none]
[debug] [2025-04-15T14:23:12.561Z] > command requires scopes: ["email","openid","https://www.googleapis.com/auth/cloudplatformprojects.readonly","https://www.googleapis.com/auth/firebase","https://www.googleapis.com/auth/cloud-platform"]
[debug] [2025-04-15T14:23:12.561Z] > authorizing via signed-in user (micaelbardimtech@gmail.com)
[debug] [2025-04-15T14:23:12.562Z] [iam] checking project dsignertv for permissions ["firebase.projects.get","firebasehosting.sites.update"]
[debug] [2025-04-15T14:23:12.562Z] Checked if tokens are valid: false, expires at: 1744642333402
[debug] [2025-04-15T14:23:12.562Z] Checked if tokens are valid: false, expires at: 1744642333402
[debug] [2025-04-15T14:23:12.563Z] > refreshing access token with scopes: []
[debug] [2025-04-15T14:23:12.563Z] >>> [apiv2][query] POST https://www.googleapis.com/oauth2/v3/token [none]
[debug] [2025-04-15T14:23:12.563Z] >>> [apiv2][body] POST https://www.googleapis.com/oauth2/v3/token [omitted]
[debug] [2025-04-15T14:23:12.790Z] <<< [apiv2][status] POST https://www.googleapis.com/oauth2/v3/token 200
[debug] [2025-04-15T14:23:12.790Z] <<< [apiv2][body] POST https://www.googleapis.com/oauth2/v3/token [omitted]
[debug] [2025-04-15T14:23:12.800Z] >>> [apiv2][query] POST https://cloudresourcemanager.googleapis.com/v1/projects/dsignertv:testIamPermissions [none]
[debug] [2025-04-15T14:23:12.800Z] >>> [apiv2][(partial)header] POST https://cloudresourcemanager.googleapis.com/v1/projects/dsignertv:testIamPermissions x-goog-quota-user=projects/dsignertv
[debug] [2025-04-15T14:23:12.800Z] >>> [apiv2][body] POST https://cloudresourcemanager.googleapis.com/v1/projects/dsignertv:testIamPermissions {"permissions":["firebase.projects.get","firebasehosting.sites.update"]}
[debug] [2025-04-15T14:23:12.905Z] <<< [apiv2][status] GET https://firebase-public.firebaseio.com/cli.json 200
[debug] [2025-04-15T14:23:12.905Z] <<< [apiv2][body] GET https://firebase-public.firebaseio.com/cli.json {"cloudBuildErrorAfter":1594252800000,"cloudBuildWarnAfter":1590019200000,"defaultNode10After":1594252800000,"minVersion":"3.0.5","node8DeploysDisabledAfter":1613390400000,"node8RuntimeDisabledAfter":1615809600000,"node8WarnAfter":1600128000000}
[debug] [2025-04-15T14:23:13.129Z] <<< [apiv2][status] POST https://cloudresourcemanager.googleapis.com/v1/projects/dsignertv:testIamPermissions 200
[debug] [2025-04-15T14:23:13.129Z] <<< [apiv2][body] POST https://cloudresourcemanager.googleapis.com/v1/projects/dsignertv:testIamPermissions {"permissions":["firebase.projects.get","firebasehosting.sites.update"]}
[debug] [2025-04-15T14:23:13.129Z] Checked if tokens are valid: true, expires at: 1744730591790
[debug] [2025-04-15T14:23:13.130Z] Checked if tokens are valid: true, expires at: 1744730591790
[debug] [2025-04-15T14:23:13.130Z] >>> [apiv2][query] GET https://firebase.googleapis.com/v1beta1/projects/dsignertv [none]
[debug] [2025-04-15T14:23:13.578Z] <<< [apiv2][status] GET https://firebase.googleapis.com/v1beta1/projects/dsignertv 200
[debug] [2025-04-15T14:23:13.578Z] <<< [apiv2][body] GET https://firebase.googleapis.com/v1beta1/projects/dsignertv {"projectId":"dsignertv","projectNumber":"930311416952","displayName":"DsignerTV","name":"projects/dsignertv","resources":{"hostingSite":"dsignertv","realtimeDatabaseInstance":"dsignertv-default-rtdb"},"state":"ACTIVE","etag":"1_eb66f6c2-4592-4f8f-bb37-4464bc519d4d"}
[info] 
[info] === Deploying to 'dsignertv'...
[info] 
[info] i  deploying hosting 
[debug] [2025-04-15T14:23:13.582Z] Checked if tokens are valid: true, expires at: 1744730591790
[debug] [2025-04-15T14:23:13.582Z] Checked if tokens are valid: true, expires at: 1744730591790
[debug] [2025-04-15T14:23:13.582Z] >>> [apiv2][query] POST https://firebasehosting.googleapis.com/v1beta1/projects/-/sites/dsignertv/versions [none]
[debug] [2025-04-15T14:23:13.582Z] >>> [apiv2][body] POST https://firebasehosting.googleapis.com/v1beta1/projects/-/sites/dsignertv/versions {"status":"CREATED","labels":{"deployment-tool":"cli-firebase"}}
[debug] [2025-04-15T14:23:15.689Z] <<< [apiv2][status] POST https://firebasehosting.googleapis.com/v1beta1/projects/-/sites/dsignertv/versions 200
[debug] [2025-04-15T14:23:15.689Z] <<< [apiv2][body] POST https://firebasehosting.googleapis.com/v1beta1/projects/-/sites/dsignertv/versions {"name":"projects/930311416952/sites/dsignertv/versions/96fb0802e8a2a3c6","status":"CREATED","config":{},"labels":{"deployment-tool":"cli-firebase"}}
[info] i  hosting[dsignertv]: beginning deploy... 
[info] i  hosting[dsignertv]: found 118 files in public 
[debug] [2025-04-15T14:23:15.717Z] [hosting] uploading with 200 concurrency
